<?xml version="1.0" encoding="UTF-8"?>
<!-- Generated by org.testng.reporters.JUnitReportReporter -->
<testsuite hostname="DESKTOP-4535ODP" failures="0" tests="1" name="Tests.LoginPage_test" time="10.025" errors="0" timestamp="2025-07-10T00:42:14 GMT+06:00" skipped="0">
  <testcase classname="Tests.LoginPage_test" name="MSUS_Login" time="10.025"/>
</testsuite> <!-- Tests.LoginPage_test -->
