<?xml version="1.0" encoding="UTF-8"?>
<!-- Generated by org.testng.reporters.JUnitReportReporter -->
<testsuite hostname="DESKTOP-4535ODP" failures="0" tests="1" name="Tests.Purchase_Task_test" time="22.721" errors="0" timestamp="2025-07-10T00:42:14 GMT+06:00" skipped="0">
  <testcase classname="Tests.Purchase_Task_test" name="Task_run" time="22.721"/>
</testsuite> <!-- Tests.Purchase_Task_test -->
